<?xml version="1.0" encoding="UTF-8"?>
<!-- Generated by org.testng.reporters.JUnitReportReporter -->
<testsuite skipped="0" hostname="DESKTOP-0PJNRCB" name="com.cucumberframework.runner.TestRunner" tests="1" failures="0" timestamp="16 Jul 2019 14:17:38 GMT" time="9.293" errors="0">
  <testcase name="runScenario" time="9.293" classname="com.cucumberframework.runner.TestRunner"/>
</testsuite> <!-- com.cucumberframework.runner.TestRunner -->
